<?xml version="1.0" encoding="UTF-8"?>
<testng-results skipped="0" failed="0" total="1" passed="1">
  <reporter-output>
  </reporter-output>
  <suite name="Suite" duration-ms="30" started-at="2018-06-05T06:22:36Z" finished-at="2018-06-05T06:22:36Z">
    <groups>
    </groups>
    <test name="Test" duration-ms="30" started-at="2018-06-05T06:22:36Z" finished-at="2018-06-05T06:22:36Z">
      <class name="guru99Bank_Project.dryRun">
        <test-method status="PASS" signature="dryRUntest()[pri:0, instance:guru99Bank_Project.dryRun@6f79caec]" name="dryRUntest" duration-ms="13" started-at="2018-06-05T11:52:36Z" finished-at="2018-06-05T11:52:36Z">
          <reporter-output>
          </reporter-output>
        </test-method> <!-- dryRUntest -->
      </class> <!-- guru99Bank_Project.dryRun -->
    </test> <!-- Test -->
  </suite> <!-- Suite -->
</testng-results>
