<?xml version="1.0" encoding="UTF-8"?>
<!-- Generated by org.testng.reporters.JUnitXMLReporter -->
<testsuite hostname="CWTR03" name="TestappDemo" tests="10" failures="0" timestamp="5 Jun 2018 08:35:26 GMT" time="509.956" errors="0">
  <testcase name="Exercise11_Scripts_for_webBrowser_chrome" time="78.853" classname="assignment.chromeAppiumDriver.AppiumChromeTestCases"/>
  <testcase name="Exercise01_Verify_navigate_By_3_Activities" time="54.145" classname="assignment.appDemo.AppiumAppDemoTestCases"/>
  <testcase name="Exercise02_Verify_scroll_activity_and_print_activity_list" time="18.854" classname="assignment.appDemo.AppiumAppDemoTestCases"/>
  <testcase name="Exercise03_Verify_On_Off_Button_after_and_before_toggle" time="8.792" classname="assignment.appDemo.AppiumAppDemoTestCases"/>
  <testcase name="Exercise04_Verify_views_controls_lighttheme" time="31.741" classname="assignment.appDemo.AppiumAppDemoTestCases"/>
  <testcase name="Exercise05_Verify_Views_expandableList_customAdapter" time="15.978" classname="assignment.appDemo.AppiumAppDemoTestCases"/>
  <testcase name="Exercise06_Verify_views_spinner" time="25.926" classname="assignment.appDemo.AppiumAppDemoTestCases"/>
  <testcase name="Exercise08_Verify_layouts_scrollView_Long" time="108.043" classname="assignment.appDemo.AppiumAppDemoTestCases"/>
  <testcase name="Exercise09_Verify_views_textClock" time="22.994" classname="assignment.appDemo.AppiumAppDemoTestCases"/>
  <testcase name="Exercise10_Verify_views_visibility" time="34.819" classname="assignment.appDemo.AppiumAppDemoTestCases"/>
</testsuite> <!-- TestappDemo -->
