<?xml version="1.0" encoding="UTF-8"?>
<!-- Generated by org.testng.reporters.JUnitXMLReporter -->
<testsuite hostname="CWTR03" ignored="0" name="Testchrome" tests="9" failures="0" timestamp="01 Jun 2018 11:52:33 GMT" time="426.714" errors="0">
  <testcase name="Exercise01_Verify_navigate_By_3_Activities" time="51.989" classname="assignment.appDemo.Appium_AppDemo_TestCases"/>
  <testcase name="Exercise02_Verify_scroll_activity_and_print_activity_list" time="19.226" classname="assignment.appDemo.Appium_AppDemo_TestCases"/>
  <testcase name="Exercise03_Verify_On_Off_Button_after_and_before_toggle" time="8.923" classname="assignment.appDemo.Appium_AppDemo_TestCases"/>
  <testcase name="Exercise04_Verify_views_controls_lighttheme" time="30.915" classname="assignment.appDemo.Appium_AppDemo_TestCases"/>
  <testcase name="Exercise05_Verify_Views_expandableList_customAdapter" time="16.604" classname="assignment.appDemo.Appium_AppDemo_TestCases"/>
  <testcase name="Exercise06_Verify_views_spinner" time="26.812" classname="assignment.appDemo.Appium_AppDemo_TestCases"/>
  <testcase name="Exercise08_Verify_layouts_scrollView_Long" time="106.336" classname="assignment.appDemo.Appium_AppDemo_TestCases"/>
  <testcase name="Exercise09_Verify_views_textClock" time="22.226" classname="assignment.appDemo.Appium_AppDemo_TestCases"/>
  <testcase name="Exercise10_Verify_views_visibility" time="33.761" classname="assignment.appDemo.Appium_AppDemo_TestCases"/>
</testsuite> <!-- Testchrome -->
