<?xml version="1.0" encoding="UTF-8"?>
<!-- Generated by org.testng.reporters.JUnitXMLReporter -->
<testsuite hostname="CWTR03" name="Tests" tests="11" failures="0" timestamp="8 Jun 2018 07:10:44 GMT" time="530.684" errors="0">
  <testcase name="Exercise11_Scripts_for_webBrowser_chrome" time="79.156" classname="assignment.chromeAppiumDriver.AppiumChromeTestCases"/>
  <testcase name="Exercise01_Verify_navigate_By_3_Activities" time="53.501" classname="assignment.appDemo.AppiumAppDemoTestCases"/>
  <testcase name="Exercise02_Verify_scroll_activity_and_print_activity_list" time="17.677" classname="assignment.appDemo.AppiumAppDemoTestCases"/>
  <testcase name="Exercise03_Verify_On_Off_Button_after_and_before_toggle" time="8.444" classname="assignment.appDemo.AppiumAppDemoTestCases"/>
  <testcase name="Exercise04_Verify_views_controls_lighttheme" time="30.992" classname="assignment.appDemo.AppiumAppDemoTestCases"/>
  <testcase name="Exercise05_Verify_Views_expandableList_customAdapter" time="14.352" classname="assignment.appDemo.AppiumAppDemoTestCases"/>
  <testcase name="Exercise06_Verify_views_spinner" time="25.12" classname="assignment.appDemo.AppiumAppDemoTestCases"/>
  <testcase name="Exercise07_Verify_views_rotatingButton" time="29.595" classname="assignment.appDemo.AppiumAppDemoTestCases"/>
  <testcase name="Exercise08_Verify_layouts_scrollView_Long" time="103.135" classname="assignment.appDemo.AppiumAppDemoTestCases"/>
  <testcase name="Exercise09_Verify_views_textClock" time="22.143" classname="assignment.appDemo.AppiumAppDemoTestCases"/>
  <testcase name="Exercise10_Verify_views_visibility" time="32.543" classname="assignment.appDemo.AppiumAppDemoTestCases"/>
</testsuite> <!-- Tests -->
