<?xml version="1.0" encoding="UTF-8"?>
<testng-results skipped="0" failed="0" ignored="0" total="1" passed="1">
  <reporter-output>
  </reporter-output>
  <suite name="Default suite" duration-ms="44334" started-at="2018-06-14T10:07:39Z" finished-at="2018-06-14T10:08:23Z">
    <groups>
    </groups>
    <test name="Default test" duration-ms="44334" started-at="2018-06-14T10:07:39Z" finished-at="2018-06-14T10:08:23Z">
      <class name="guru99Bank_Project.Login_Page">
        <test-method status="PASS" signature="TestLogin()[pri:0, instance:guru99Bank_Project.Login_Page@262b2c86]" name="TestLogin" duration-ms="44252" started-at="2018-06-14T10:07:39Z" finished-at="2018-06-14T10:08:23Z">
          <reporter-output>
          </reporter-output>
        </test-method> <!-- TestLogin -->
      </class> <!-- guru99Bank_Project.Login_Page -->
    </test> <!-- Default test -->
  </suite> <!-- Default suite -->
</testng-results>
