<?xml version="1.0" encoding="UTF-8"?>
<testng-results skipped="0" failed="0" total="2" passed="2">
  <reporter-output>
  </reporter-output>
  <suite name="Suite" duration-ms="122889" started-at="2018-06-22T07:10:27Z" finished-at="2018-06-22T07:12:30Z">
    <groups>
    </groups>
    <test name="Test" duration-ms="122889" started-at="2018-06-22T07:10:27Z" finished-at="2018-06-22T07:12:30Z">
      <class name="com.sqs.awc.AwcPilot">
        <test-method status="PASS" signature="beforeMethod()[pri:0, instance:com.sqs.awc.AwcPilot@29ee9faa]" name="beforeMethod" is-config="true" duration-ms="8" started-at="2018-06-22T12:40:27Z" finished-at="2018-06-22T12:40:27Z">
          <reporter-output>
          </reporter-output>
        </test-method> <!-- beforeMethod -->
        <test-method status="PASS" signature="AWC_createItemtypeItem()[pri:0, instance:com.sqs.awc.AwcPilot@29ee9faa]" name="AWC_createItemtypeItem" duration-ms="47304" started-at="2018-06-22T12:40:27Z" finished-at="2018-06-22T12:41:15Z">
          <reporter-output>
          </reporter-output>
        </test-method> <!-- AWC_createItemtypeItem -->
        <test-method status="PASS" signature="afterMethod()[pri:0, instance:com.sqs.awc.AwcPilot@29ee9faa]" name="afterMethod" is-config="true" duration-ms="7963" started-at="2018-06-22T12:41:15Z" finished-at="2018-06-22T12:41:23Z">
          <reporter-output>
          </reporter-output>
        </test-method> <!-- afterMethod -->
        <test-method status="PASS" signature="AWC_initiateTCMReleaseworkflowOnitem()[pri:0, instance:com.sqs.awc.AwcPilot@29ee9faa]" name="AWC_initiateTCMReleaseworkflowOnitem" duration-ms="59260" started-at="2018-06-22T12:41:23Z" finished-at="2018-06-22T12:42:22Z">
          <reporter-output>
          </reporter-output>
        </test-method> <!-- AWC_initiateTCMReleaseworkflowOnitem -->
        <test-method status="PASS" signature="beforeMethod()[pri:0, instance:com.sqs.awc.AwcPilot@29ee9faa]" name="beforeMethod" is-config="true" duration-ms="0" started-at="2018-06-22T12:41:23Z" finished-at="2018-06-22T12:41:23Z">
          <reporter-output>
          </reporter-output>
        </test-method> <!-- beforeMethod -->
        <test-method status="PASS" signature="afterMethod()[pri:0, instance:com.sqs.awc.AwcPilot@29ee9faa]" name="afterMethod" is-config="true" duration-ms="8276" started-at="2018-06-22T12:42:22Z" finished-at="2018-06-22T12:42:30Z">
          <reporter-output>
          </reporter-output>
        </test-method> <!-- afterMethod -->
      </class> <!-- com.sqs.awc.AwcPilot -->
    </test> <!-- Test -->
  </suite> <!-- Suite -->
</testng-results>
