<?xml version="1.0" encoding="UTF-8"?>
<!-- Generated by org.testng.reporters.JUnitXMLReporter -->
<testsuite hostname="N8QHJD02" name="Test2" tests="4" failures="0" timestamp="23 Apr 2018 16:28:21 GMT" time="0.031" errors="0">
  <testcase name="Login" time="0.0" classname="testNG.NewTest1"/>
  <testcase name="Login" time="0.0" classname="testNG.NewTest1"/>
  <testcase name="Login1" time="0.0" classname="testNG.NewTest1"/>
  <testcase name="Login1" time="0.0" classname="testNG.NewTest1"/>
</testsuite> <!-- Test2 -->
